<?xml version="1.0" encoding="utf-8"?><testsuites name="pytest tests"><testsuite name="pytest" errors="0" failures="0" skipped="0" tests="14" time="4.468" timestamp="2026-04-30T07:16:24.695196+00:00" hostname="agent-env-f92ac2dd-b0bc-49e9-bfee-5d2fd36a9fe5"><testcase classname="backend.tests.test_block_b_character.TestCharacterTemplates" name="test_list_templates_returns_12" time="0.464" /><testcase classname="backend.tests.test_block_b_character.TestCharacterTemplates" name="test_list_templates_filter_ruleset" time="0.107" /><testcase classname="backend.tests.test_block_b_character.TestCharacterTemplates" name="test_list_templates_filter_empty_ruleset" time="0.105" /><testcase classname="backend.tests.test_block_b_character.TestCharacterTemplates" name="test_get_template_full_wizard" time="0.107" /><testcase classname="backend.tests.test_block_b_character.TestCharacterTemplates" name="test_get_template_fighter" time="0.105" /><testcase classname="backend.tests.test_block_b_character.TestCharacterTemplates" name="test_get_template_not_found" time="0.114" /><testcase classname="backend.tests.test_block_b_character.TestCharacterTemplates" name="test_ai_match_tank" time="1.193" /><testcase classname="backend.tests.test_block_b_character.TestCharacterTemplates" name="test_ai_match_caster" time="0.918" /><testcase classname="backend.tests.test_block_b_character.TestCharacterTemplates" name="test_ai_match_empty_desc" time="0.102" /><testcase classname="backend.tests.test_block_b_character.TestCharacterCreate" name="test_create_with_new_fields_and_verify_persist" time="0.218" /><testcase classname="backend.tests.test_block_b_character.TestCharacterCreate" name="test_patch_temp_hp_and_current_hp_clamp" time="0.648" /><testcase classname="backend.tests.test_block_b_character.TestSRDSpellsFilter" name="test_wizard_only" time="0.147" /><testcase classname="backend.tests.test_block_b_character.TestSRDSpellsFilter" name="test_cleric_level_1" time="0.107" /><testcase classname="backend.tests.test_block_b_character" name="test_zzz_cleanup" time="0.111" /></testsuite></testsuites>