<?xml version="1.0" encoding="utf-8"?><testsuites name="pytest tests"><testsuite name="pytest" errors="0" failures="0" skipped="0" tests="21" time="9.486" timestamp="2026-03-08T16:57:47.276813+00:00" hostname="agent-env-aea88c99-130c-40e2-b18e-3c9f72e43f41"><testcase classname="tests.test_edition_character_creation.TestEditionSubclassValidation" name="test_2014_cleric_subclass_at_level_1" time="0.508" /><testcase classname="tests.test_edition_character_creation.TestEditionSubclassValidation" name="test_2024_cleric_subclass_rejected_at_level_1" time="0.393" /><testcase classname="tests.test_edition_character_creation.TestEditionSubclassValidation" name="test_2024_cleric_subclass_allowed_at_level_3" time="0.432" /><testcase classname="tests.test_edition_character_creation.TestEditionSubclassValidation" name="test_2014_wizard_subclass_at_level_2" time="0.437" /><testcase classname="tests.test_edition_character_creation.TestEditionSubclassValidation" name="test_2024_wizard_subclass_rejected_at_level_2" time="0.412" /><testcase classname="tests.test_edition_character_creation.TestEditionSubclassValidation" name="test_2014_sorcerer_subclass_at_level_1" time="0.476" /><testcase classname="tests.test_edition_character_creation.TestEditionSubclassValidation" name="test_2014_warlock_subclass_at_level_1" time="0.480" /><testcase classname="tests.test_edition_character_creation.TestEditionSubclassValidation" name="test_2024_sorcerer_subclass_rejected_at_level_1" time="0.419" /><testcase classname="tests.test_edition_character_creation.TestEditionSubclassValidation" name="test_2014_druid_subclass_at_level_2" time="0.436" /><testcase classname="tests.test_edition_character_creation.TestHitDiceCalculation" name="test_barbarian_d12_hit_die" time="0.447" /><testcase classname="tests.test_edition_character_creation.TestHitDiceCalculation" name="test_wizard_d6_hit_die" time="0.439" /><testcase classname="tests.test_edition_character_creation.TestHitDiceCalculation" name="test_fighter_d10_hit_die" time="0.438" /><testcase classname="tests.test_edition_character_creation.TestHitDiceCalculation" name="test_rogue_d8_hit_die" time="0.449" /><testcase classname="tests.test_edition_character_creation.TestMaxHPCalculation" name="test_max_hp_auto_calculated" time="0.437" /><testcase classname="tests.test_edition_character_creation.TestMaxHPCalculation" name="test_wizard_max_hp_with_low_con" time="0.439" /><testcase classname="tests.test_edition_character_creation.TestMaxHPCalculation" name="test_max_hp_provided_in_payload" time="0.421" /><testcase classname="tests.test_edition_character_creation.TestSpellPersistence" name="test_spells_persisted" time="0.572" /><testcase classname="tests.test_edition_character_creation.TestEditionFieldStorage" name="test_edition_2014_stored" time="0.490" /><testcase classname="tests.test_edition_character_creation.TestEditionFieldStorage" name="test_edition_2024_stored" time="0.508" /><testcase classname="tests.test_edition_character_creation.TestInvalidSubclassErrorMessages" name="test_error_message_format_2014_fighter" time="0.401" /><testcase classname="tests.test_edition_character_creation.TestInvalidSubclassErrorMessages" name="test_error_message_format_2024_warlock" time="0.412" /></testsuite></testsuites>