<?xml version="1.0" encoding="utf-8"?><testsuites name="pytest tests"><testsuite name="pytest" errors="0" failures="0" skipped="0" tests="17" time="1.961" timestamp="2026-05-01T07:14:02.071892+00:00" hostname="agent-env-f92ac2dd-b0bc-49e9-bfee-5d2fd36a9fe5"><testcase classname="backend.tests.test_iter90_ability_admin.TestAuthAndAdminCheck" name="test_login_returns_token_and_username" time="0.422" /><testcase classname="backend.tests.test_iter90_ability_admin.TestAuthAndAdminCheck" name="test_admin_check_is_true" time="0.058" /><testcase classname="backend.tests.test_iter90_ability_admin.TestAuthAndAdminCheck" name="test_admin_check_false_for_non_admin" time="0.390" /><testcase classname="backend.tests.test_iter90_ability_admin.TestCsvExport" name="test_export_users_csv_ok" time="0.050" /><testcase classname="backend.tests.test_iter90_ability_admin.TestCsvExport" name="test_export_campaigns_csv_ok" time="0.046" /><testcase classname="backend.tests.test_iter90_ability_admin.TestCsvExport" name="test_export_users_csv_forbidden_for_non_admin" time="0.094" /><testcase classname="backend.tests.test_iter90_ability_admin.TestCsvExport" name="test_export_campaigns_csv_forbidden_for_non_admin" time="0.055" /><testcase classname="backend.tests.test_iter90_ability_admin.TestCsvExport" name="test_export_users_csv_unauthenticated" time="0.110" /><testcase classname="backend.tests.test_iter90_ability_admin.TestImpersonate" name="test_impersonate_exact_case_returns_token" time="0.181" /><testcase classname="backend.tests.test_iter90_ability_admin.TestImpersonate" name="test_impersonate_case_insensitive_admin_check" time="0.047" /><testcase classname="backend.tests.test_iter90_ability_admin.TestImpersonate" name="test_impersonate_nonexistent_user_returns_404" time="0.047" /><testcase classname="backend.tests.test_iter90_ability_admin.TestImpersonate" name="test_impersonate_forbidden_for_non_admin" time="0.082" /><testcase classname="backend.tests.test_iter90_ability_admin.TestImpersonate" name="test_impersonate_unauthenticated" time="0.114" /><testcase classname="backend.tests.test_iter90_ability_admin.TestRegression" name="test_get_characters" time="0.062" /><testcase classname="backend.tests.test_iter90_ability_admin.TestRegression" name="test_get_campaigns" time="0.054" /><testcase classname="backend.tests.test_iter90_ability_admin.TestRegression" name="test_admin_users_list" time="0.047" /><testcase classname="backend.tests.test_iter90_ability_admin.TestRegression" name="test_levelup_options_still_works" time="0.057" /></testsuite></testsuites>