<?xml version="1.0" encoding="utf-8"?><testsuites name="pytest tests"><testsuite name="pytest" errors="0" failures="0" skipped="0" tests="7" time="3.004" timestamp="2026-04-30T19:12:42.316663+00:00" hostname="agent-env-f92ac2dd-b0bc-49e9-bfee-5d2fd36a9fe5"><testcase classname="backend.tests.test_iter88_audit_batch4.TestCharacterTemplatesDB" name="test_list_2024_returns_12" time="0.816" /><testcase classname="backend.tests.test_iter88_audit_batch4.TestCharacterTemplatesDB" name="test_list_2014_returns_12" time="0.143" /><testcase classname="backend.tests.test_iter88_audit_batch4.TestCharacterTemplatesDB" name="test_list_all_returns_24" time="0.153" /><testcase classname="backend.tests.test_iter88_audit_batch4.TestCharacterTemplatesDB" name="test_get_template_by_id_no_objectid" time="0.166" /><testcase classname="backend.tests.test_iter88_audit_batch4.TestCharacterTemplatesDB" name="test_ai_match_returns_best_match" time="1.416" /><testcase classname="backend.tests.test_iter88_audit_batch4.TestLevelUpOptions" name="test_wizard_l1_to_l2_preflight" time="0.119" /><testcase classname="backend.tests.test_iter88_audit_batch4.TestLevelUpOptions" name="test_wizard_l3_to_l4_is_asi_with_feats" time="0.173" /></testsuite></testsuites>