<?xml version="1.0" encoding="utf-8"?><testsuites name="pytest tests"><testsuite name="pytest" errors="0" failures="0" skipped="0" tests="6" time="2.206" timestamp="2026-04-30T12:13:29.962939+00:00" hostname="agent-env-f92ac2dd-b0bc-49e9-bfee-5d2fd36a9fe5"><testcase classname="backend.tests.test_iteration83_spell_slots_conditions.TestUsedSpellSlots" name="test_patch_used_spell_slots_persists" time="1.625" /><testcase classname="backend.tests.test_iteration83_spell_slots_conditions.TestUsedSpellSlots" name="test_patch_used_spell_slots_reset" time="0.098" /><testcase classname="backend.tests.test_iteration83_spell_slots_conditions.TestConditions" name="test_patch_conditions_persists" time="0.112" /><testcase classname="backend.tests.test_iteration83_spell_slots_conditions.TestConditions" name="test_patch_conditions_clears" time="0.104" /><testcase classname="backend.tests.test_iteration83_spell_slots_conditions.TestRestEndpoints" name="test_long_rest" time="0.172" /><testcase classname="backend.tests.test_iteration83_spell_slots_conditions.TestRestEndpoints" name="test_short_rest" time="0.069" /></testsuite></testsuites>