<?xml version="1.0" encoding="utf-8"?><testsuites name="pytest tests"><testsuite name="pytest" errors="0" failures="0" skipped="0" tests="10" time="56.761" timestamp="2026-04-30T20:16:01.828093+00:00" hostname="agent-env-f92ac2dd-b0bc-49e9-bfee-5d2fd36a9fe5"><testcase classname="backend.tests.test_iter89_audit_batch5.TestAdminTemplates" name="test_admin_list_returns_24" time="0.660" /><testcase classname="backend.tests.test_iter89_audit_batch5.TestAdminTemplates" name="test_admin_endpoint_403_for_non_admin" time="0.511" /><testcase classname="backend.tests.test_iter89_audit_batch5.TestAdminTemplates" name="test_admin_patch_toggle_active" time="0.545" /><testcase classname="backend.tests.test_iter89_audit_batch5.TestAdminTemplates" name="test_admin_clone_and_delete_clone" time="0.274" /><testcase classname="backend.tests.test_iter89_audit_batch5.TestAdminTemplates" name="test_admin_delete_core_blocked" time="0.126" /><testcase classname="backend.tests.test_iter89_audit_batch5.TestLevelUpPreflight" name="test_preflight_l1_to_l2_has_all_fields" time="0.184" /><testcase classname="backend.tests.test_iter89_audit_batch5.TestAiRoutesAfterDedupe" name="test_ai_generate_with_rules_responds" time="0.116" /><testcase classname="backend.tests.test_iter89_audit_batch5.TestAiRoutesAfterDedupe" name="test_rook_chat_responds" time="1.801" /><testcase classname="backend.tests.test_iter89_audit_batch5.TestAiRoutesAfterDedupe" name="test_session_outline_responds" time="52.182" /><testcase classname="backend.tests.test_iter89_audit_batch5.TestPersonalityPatch" name="test_patch_persists_5_personality_fields" time="0.328" /></testsuite></testsuites>