<?xml version="1.0" encoding="utf-8"?><testsuites name="pytest tests"><testsuite name="pytest" errors="0" failures="0" skipped="0" tests="4" time="0.793" timestamp="2026-04-30T12:38:29.173416+00:00" hostname="agent-env-f92ac2dd-b0bc-49e9-bfee-5d2fd36a9fe5"><testcase classname="backend.tests.test_iter84_rules_edition" name="test_campaign_get_has_rules_edition" time="0.491" /><testcase classname="backend.tests.test_iter84_rules_edition" name="test_put_rules_edition_2014_persists" time="0.141" /><testcase classname="backend.tests.test_iter84_rules_edition" name="test_put_rules_edition_2024_restores" time="0.140" /><testcase classname="backend.tests.test_iter84_rules_edition" name="test_edition_helper_strings_present" time="0.001" /></testsuite></testsuites>