<?xml version="1.0" encoding="utf-8"?><testsuites name="pytest tests"><testsuite name="pytest" errors="0" failures="0" skipped="0" tests="10" time="4.605" timestamp="2026-03-16T10:20:15.334187+00:00" hostname="agent-env-c4190296-ee00-46c0-b10e-7531f3a2e0ff"><testcase classname="backend.tests.test_bug_fixes.TestBugFixes" name="test_level_up_api_endpoint_exists" time="0.523" /><testcase classname="backend.tests.test_bug_fixes.TestBugFixes" name="test_character_get_endpoint_for_edit" time="0.441" /><testcase classname="backend.tests.test_bug_fixes.TestBugFixes" name="test_character_hp_fields" time="0.459" /><testcase classname="backend.tests.test_bug_fixes.TestLevelUpAPI" name="test_level_up_returns_required_fields" time="0.530" /><testcase classname="backend.tests.test_bug_fixes.TestLevelUpAPI" name="test_multiclass_endpoint_exists" time="0.434" /><testcase classname="backend.tests.test_bug_fixes.TestCharacterCRUD" name="test_list_characters" time="0.432" /><testcase classname="backend.tests.test_bug_fixes.TestCharacterCRUD" name="test_get_character_by_id" time="0.450" /><testcase classname="backend.tests.test_bug_fixes.TestCharacterCRUD" name="test_update_character_hp" time="0.540" /><testcase classname="backend.tests.test_bug_fixes.TestAuthAPI" name="test_login_returns_token" time="0.333" /><testcase classname="backend.tests.test_bug_fixes.TestAuthAPI" name="test_auth_me_endpoint" time="0.438" /></testsuite></testsuites>