<?xml version="1.0" encoding="utf-8"?><testsuites name="pytest tests"><testsuite name="pytest" errors="0" failures="0" skipped="0" tests="5" time="1.414" timestamp="2026-04-30T14:30:33.731906+00:00" hostname="agent-env-f92ac2dd-b0bc-49e9-bfee-5d2fd36a9fe5"><testcase classname="backend.tests.test_iter85_audit_batch1" name="test_login_works" time="0.783" /><testcase classname="backend.tests.test_iter85_audit_batch1" name="test_get_character" time="0.076" /><testcase classname="backend.tests.test_iter85_audit_batch1" name="test_patch_combat_hp_sync_fields" time="0.302" /><testcase classname="backend.tests.test_iter85_audit_batch1" name="test_patch_partial_only_chp" time="0.156" /><testcase classname="backend.tests.test_iter85_audit_batch1" name="test_campaign_rules_edition_regression" time="0.075" /></testsuite></testsuites>