<?xml version="1.0" encoding="utf-8"?><testsuites name="pytest tests"><testsuite name="pytest" errors="0" failures="0" skipped="0" tests="35" time="17.107" timestamp="2026-03-06T09:40:15.591686+00:00" hostname="agent-env-a7b732c0-5be6-40db-87a5-46a304e50cb7"><testcase classname="tests.test_journal_crud.TestJournalCRUD" name="test_get_journal_entries" time="0.457" /><testcase classname="tests.test_journal_crud.TestJournalCRUD" name="test_create_journal_entry" time="0.553" /><testcase classname="tests.test_journal_crud.TestJournalCRUD" name="test_update_journal_entry" time="0.862" /><testcase classname="tests.test_journal_crud.TestJournalCRUD" name="test_delete_journal_entry" time="0.960" /><testcase classname="tests.test_journal_crud.TestJournalCRUD" name="test_journal_entry_types" time="1.555" /><testcase classname="tests.test_journal_crud.TestJournalCRUD" name="test_journal_requires_auth" time="0.200" /><testcase classname="tests.test_journal_crud.TestCampaignNPCLocationCRUD" name="test_create_npc" time="0.557" /><testcase classname="tests.test_journal_crud.TestCampaignNPCLocationCRUD" name="test_create_location" time="0.519" /><testcase classname="tests.test_journal_crud.TestCampaignNPCLocationCRUD" name="test_get_campaign_npcs" time="0.434" /><testcase classname="tests.test_journal_crud.TestCampaignNPCLocationCRUD" name="test_get_campaign_locations" time="0.422" /><testcase classname="tests.test_journal_crud.TestCharacterAPI" name="test_get_characters" time="0.425" /><testcase classname="tests.test_journal_crud.TestCharacterAPI" name="test_get_character_details" time="0.529" /><testcase classname="tests.test_subscription.TestSubscriptionPlans" name="test_get_subscription_plans_returns_four_tiers" time="0.097" /><testcase classname="tests.test_subscription.TestSubscriptionPlans" name="test_free_plan_pricing_and_features" time="0.103" /><testcase classname="tests.test_subscription.TestSubscriptionPlans" name="test_hero_player_plan_pricing" time="0.099" /><testcase classname="tests.test_subscription.TestSubscriptionPlans" name="test_quest_master_gm_plan_pricing" time="0.108" /><testcase classname="tests.test_subscription.TestSubscriptionPlans" name="test_legendary_plan_pricing" time="0.101" /><testcase classname="tests.test_subscription.TestUserRegistrationWithSubscription" name="test_new_user_starts_with_free_tier" time="0.426" /><testcase classname="tests.test_subscription.TestUserRegistrationWithSubscription" name="test_subscription_status_requires_auth" time="0.108" /><testcase classname="tests.test_subscription.TestSubscriptionStatus" name="test_get_subscription_status_structure" time="0.426" /><testcase classname="tests.test_subscription.TestSubscriptionStatus" name="test_subscription_status_values_are_valid" time="0.420" /><testcase classname="tests.test_subscription.TestPromoCodeCreation" name="test_create_promo_code_requires_admin" time="0.427" /><testcase classname="tests.test_subscription.TestPromoCodeCreation" name="test_create_promo_code_requires_auth" time="0.100" /><testcase classname="tests.test_subscription.TestPromoCodeApplication" name="test_apply_invalid_promo_code" time="0.465" /><testcase classname="tests.test_subscription.TestPromoCodeApplication" name="test_apply_promo_code_requires_auth" time="0.107" /><testcase classname="tests.test_subscription.TestSubscriptionCheckout" name="test_create_checkout_session_for_paid_plans" time="1.240" /><testcase classname="tests.test_subscription.TestSubscriptionCheckout" name="test_checkout_requires_auth" time="0.133" /><testcase classname="tests.test_subscription.TestSubscriptionCheckout" name="test_checkout_cannot_checkout_free_plan" time="0.426" /><testcase classname="tests.test_subscription.TestSubscriptionCheckout" name="test_checkout_monthly_billing_cycle" time="1.271" /><testcase classname="tests.test_subscription.TestSubscriptionCheckout" name="test_checkout_yearly_billing_cycle" time="1.108" /><testcase classname="tests.test_subscription.TestSubscriptionCheckout" name="test_checkout_requires_origin_url" time="0.432" /><testcase classname="tests.test_subscription.TestSubscriptionCancel" name="test_cancel_subscription_requires_auth" time="0.127" /><testcase classname="tests.test_subscription.TestSubscriptionCancel" name="test_cancel_subscription_without_active_subscription" time="0.443" /><testcase classname="tests.test_subscription.TestCampaignSettingsSave" name="test_campaign_settings_save_and_retrieve" time="0.761" /><testcase classname="tests.test_subscription.TestCampaignSettingsSave" name="test_campaign_settings_upsert_creates_with_campaign_id" time="0.672" /></testsuite></testsuites>