<?xml version="1.0" encoding="utf-8"?><testsuites name="pytest tests"><testsuite name="pytest" errors="0" failures="0" skipped="0" tests="10" time="6.331" timestamp="2026-03-06T22:20:32.232705+00:00" hostname="agent-env-0e68e3c4-31b9-40a0-b7fa-a2ddbfe2af5e"><testcase classname="backend.tests.test_multiclass_and_hp_gained.TestHPGainedStorage" name="test_hp_gained_stored_in_standard_level_up" time="0.609" /><testcase classname="backend.tests.test_multiclass_and_hp_gained.TestHPGainedStorage" name="test_hp_gained_stored_in_asi_level_up" time="0.576" /><testcase classname="backend.tests.test_multiclass_and_hp_gained.TestHPGainedStorage" name="test_hp_gained_stored_in_feat_level_up" time="0.551" /><testcase classname="backend.tests.test_multiclass_and_hp_gained.TestHPGainedStorage" name="test_hp_gained_with_average_hp" time="0.572" /><testcase classname="backend.tests.test_multiclass_and_hp_gained.TestMulticlassEndpoints" name="test_multiclass_add_new_class" time="0.569" /><testcase classname="backend.tests.test_multiclass_and_hp_gained.TestMulticlassEndpoints" name="test_multiclass_cannot_add_same_class" time="0.572" /><testcase classname="backend.tests.test_multiclass_and_hp_gained.TestMulticlassEndpoints" name="test_level_up_specific_class" time="0.772" /><testcase classname="backend.tests.test_multiclass_and_hp_gained.TestMulticlassEndpoints" name="test_level_up_class_not_owned" time="0.583" /><testcase classname="backend.tests.test_multiclass_and_hp_gained.TestMulticlassEndpoints" name="test_multiclass_missing_class_name" time="0.659" /><testcase classname="backend.tests.test_multiclass_and_hp_gained.TestLevelProgressionHistory" name="test_multiple_level_ups_tracked" time="0.839" /></testsuite></testsuites>