<?xml version="1.0" encoding="utf-8"?><testsuites name="pytest tests"><testsuite name="pytest" errors="0" failures="0" skipped="0" tests="6" time="1.199" timestamp="2026-03-07T08:55:55.910945+00:00" hostname="agent-env-0e68e3c4-31b9-40a0-b7fa-a2ddbfe2af5e"><testcase classname="backend.tests.test_npc_quick_reference.TestNPCEndpoints" name="test_get_campaign_npcs" time="0.470" /><testcase classname="backend.tests.test_npc_quick_reference.TestNPCEndpoints" name="test_create_and_delete_npc" time="0.307" /><testcase classname="backend.tests.test_npc_quick_reference.TestLocationEndpoints" name="test_get_campaign_locations" time="0.103" /><testcase classname="backend.tests.test_npc_quick_reference.TestCampaignEndpoints" name="test_get_campaigns" time="0.099" /><testcase classname="backend.tests.test_npc_quick_reference.TestCampaignEndpoints" name="test_get_campaign_details" time="0.105" /><testcase classname="backend.tests.test_npc_quick_reference.TestCharacterEndpoints" name="test_get_characters" time="0.100" /></testsuite></testsuites>