<?xml version="1.0" encoding="utf-8"?><testsuites name="pytest tests"><testsuite name="pytest" errors="0" failures="0" skipped="0" tests="21" time="3.065" timestamp="2026-03-31T12:47:03.483414+00:00" hostname="agent-env-43d1401e-5193-416f-9fb4-db2230cd4d86"><testcase classname="backend.tests.test_player_page_batch_bc.TestCurrencyPatch" name="test_patch_currency_all_types" time="0.579" /><testcase classname="backend.tests.test_player_page_batch_bc.TestCurrencyPatch" name="test_patch_currency_partial" time="0.110" /><testcase classname="backend.tests.test_player_page_batch_bc.TestCurrencyPatch" name="test_patch_gold_field" time="0.150" /><testcase classname="backend.tests.test_player_page_batch_bc.TestAttunedItemsPatch" name="test_patch_attuned_items_single" time="0.117" /><testcase classname="backend.tests.test_player_page_batch_bc.TestAttunedItemsPatch" name="test_patch_attuned_items_max_three" time="0.102" /><testcase classname="backend.tests.test_player_page_batch_bc.TestAttunedItemsPatch" name="test_patch_attuned_items_clear" time="0.159" /><testcase classname="backend.tests.test_player_page_batch_bc.TestInventoryPatch" name="test_patch_inventory_add_item" time="0.109" /><testcase classname="backend.tests.test_player_page_batch_bc.TestInventoryPatch" name="test_patch_equipped_items" time="0.111" /><testcase classname="backend.tests.test_player_page_batch_bc.TestInventoryPatch" name="test_patch_armor_class" time="0.126" /><testcase classname="backend.tests.test_player_page_batch_bc.TestCharacterSpellcastingData" name="test_wizard_has_spellcasting_ability" time="0.142" /><testcase classname="backend.tests.test_player_page_batch_bc.TestCharacterSpellcastingData" name="test_wizard_has_spell_slots" time="0.105" /><testcase classname="backend.tests.test_player_page_batch_bc.TestCharacterSpellcastingData" name="test_wizard_has_cantrips" time="0.117" /><testcase classname="backend.tests.test_player_page_batch_bc.TestCharacterSpellcastingData" name="test_wizard_has_spells_known" time="0.161" /><testcase classname="backend.tests.test_player_page_batch_bc.TestSpellSlotUsage" name="test_patch_used_spell_slots" time="0.113" /><testcase classname="backend.tests.test_player_page_batch_bc.TestSpellSlotUsage" name="test_patch_reset_spell_slots" time="0.126" /><testcase classname="backend.tests.test_player_page_batch_bc.TestCombinedInventorySave" name="test_save_inventory_full" time="0.105" /><testcase classname="backend.tests.test_player_page_batch_bc.TestCombinedInventorySave" name="test_verify_inventory_persistence" time="0.117" /><testcase classname="backend.tests.test_player_page_batch_bc.TestFighterNonSpellcaster" name="test_fighter_no_spellcasting_ability" time="0.121" /><testcase classname="backend.tests.test_player_page_batch_bc.TestFighterNonSpellcaster" name="test_fighter_inventory_patch" time="0.107" /><testcase classname="backend.tests.test_player_page_batch_bc.TestCleanup" name="test_reset_wizard_inventory" time="0.122" /><testcase classname="backend.tests.test_player_page_batch_bc.TestCleanup" name="test_reset_fighter_inventory" time="0.114" /></testsuite></testsuites>