<?xml version="1.0" encoding="utf-8"?><testsuites name="pytest tests"><testsuite name="pytest" errors="0" failures="0" skipped="0" tests="21" time="3.570" timestamp="2026-03-31T12:34:31.457952+00:00" hostname="agent-env-43d1401e-5193-416f-9fb4-db2230cd4d86"><testcase classname="backend.tests.test_player_page_batch_a.TestPatchCharacterEndpoint" name="test_patch_hp" time="0.470" /><testcase classname="backend.tests.test_player_page_batch_a.TestPatchCharacterEndpoint" name="test_patch_conditions" time="0.107" /><testcase classname="backend.tests.test_player_page_batch_a.TestPatchCharacterEndpoint" name="test_patch_inspiration" time="0.103" /><testcase classname="backend.tests.test_player_page_batch_a.TestPatchCharacterEndpoint" name="test_patch_death_saves" time="0.119" /><testcase classname="backend.tests.test_player_page_batch_a.TestPatchCharacterEndpoint" name="test_patch_used_spell_slots" time="0.113" /><testcase classname="backend.tests.test_player_page_batch_a.TestPatchCharacterEndpoint" name="test_patch_concentrating_on" time="0.113" /><testcase classname="backend.tests.test_player_page_batch_a.TestPatchCharacterEndpoint" name="test_patch_invalid_field_rejected" time="0.107" /><testcase classname="backend.tests.test_player_page_batch_a.TestPatchCharacterEndpoint" name="test_patch_hit_dice_remaining" time="0.112" /><testcase classname="backend.tests.test_player_page_batch_a.TestResourcesEndpoint" name="test_update_resources" time="0.111" /><testcase classname="backend.tests.test_player_page_batch_a.TestResourcesEndpoint" name="test_update_resources_empty" time="0.122" /><testcase classname="backend.tests.test_player_page_batch_a.TestShortRestEndpoint" name="test_short_rest_no_hit_dice" time="0.102" /><testcase classname="backend.tests.test_player_page_batch_a.TestShortRestEndpoint" name="test_short_rest_with_hit_dice" time="0.267" /><testcase classname="backend.tests.test_player_page_batch_a.TestLongRestEndpoint" name="test_long_rest_restores_hp" time="0.216" /><testcase classname="backend.tests.test_player_page_batch_a.TestLongRestEndpoint" name="test_long_rest_restores_hit_dice" time="0.227" /><testcase classname="backend.tests.test_player_page_batch_a.TestLongRestEndpoint" name="test_long_rest_clears_resources" time="0.116" /><testcase classname="backend.tests.test_player_page_batch_a.TestLevelUpEndpoint" name="test_level_up_basic" time="0.210" /><testcase classname="backend.tests.test_player_page_batch_a.TestLevelUpEndpoint" name="test_level_up_with_new_spells" time="0.235" /><testcase classname="backend.tests.test_player_page_batch_a.TestLevelUpEndpoint" name="test_level_up_with_new_cantrips" time="0.224" /><testcase classname="backend.tests.test_player_page_batch_a.TestCharacterDataPersistence" name="test_patch_and_get_verify" time="0.242" /><testcase classname="backend.tests.test_player_page_batch_a.TestCleanup" name="test_reset_wizard_state" time="0.106" /><testcase classname="backend.tests.test_player_page_batch_a.TestCleanup" name="test_reset_fighter_state" time="0.124" /></testsuite></testsuites>