<?xml version="1.0" encoding="utf-8"?><testsuites name="pytest tests"><testsuite name="pytest" errors="0" failures="0" skipped="0" tests="63" time="75.308" timestamp="2026-03-01T00:11:40.922008+00:00" hostname="agent-env-a607afbd-0f21-4b2c-87e1-6b08a65dd2bc"><testcase classname="backend.tests.test_dmscreen_api.TestAuth" name="test_register_user" time="0.422" /><testcase classname="backend.tests.test_dmscreen_api.TestAuth" name="test_register_duplicate_user" time="0.369" /><testcase classname="backend.tests.test_dmscreen_api.TestAuth" name="test_login_success" time="0.736" /><testcase classname="backend.tests.test_dmscreen_api.TestAuth" name="test_login_invalid_credentials" time="0.118" /><testcase classname="backend.tests.test_dmscreen_api.TestAuth" name="test_auth_me_endpoint" time="0.484" /><testcase classname="backend.tests.test_dmscreen_api.TestCampaigns" name="test_create_campaign" time="0.476" /><testcase classname="backend.tests.test_dmscreen_api.TestCampaigns" name="test_get_campaigns" time="0.563" /><testcase classname="backend.tests.test_dmscreen_api.TestCampaigns" name="test_get_single_campaign" time="0.583" /><testcase classname="backend.tests.test_dmscreen_api.TestCampaigns" name="test_update_campaign" time="0.564" /><testcase classname="backend.tests.test_dmscreen_api.TestCampaigns" name="test_delete_campaign" time="0.670" /><testcase classname="backend.tests.test_dmscreen_api.TestCalendar" name="test_get_calendar" time="0.636" /><testcase classname="backend.tests.test_dmscreen_api.TestCalendar" name="test_advance_calendar" time="0.819" /><testcase classname="backend.tests.test_dmscreen_api.TestCalendar" name="test_update_calendar" time="0.569" /><testcase classname="backend.tests.test_dmscreen_api.TestCalendarEvents" name="test_create_event" time="0.566" /><testcase classname="backend.tests.test_dmscreen_api.TestCalendarEvents" name="test_get_events" time="0.718" /><testcase classname="backend.tests.test_dmscreen_api.TestCalendarEvents" name="test_update_event" time="0.688" /><testcase classname="backend.tests.test_dmscreen_api.TestCalendarEvents" name="test_delete_event" time="0.677" /><testcase classname="backend.tests.test_dmscreen_api.TestPlayers" name="test_create_player" time="0.625" /><testcase classname="backend.tests.test_dmscreen_api.TestPlayers" name="test_get_players" time="0.720" /><testcase classname="backend.tests.test_dmscreen_api.TestPlayers" name="test_update_player" time="0.683" /><testcase classname="backend.tests.test_dmscreen_api.TestPlayers" name="test_delete_player" time="0.699" /><testcase classname="backend.tests.test_dmscreen_api.TestNPCs" name="test_create_npc" time="0.549" /><testcase classname="backend.tests.test_dmscreen_api.TestNPCs" name="test_get_npcs" time="0.687" /><testcase classname="backend.tests.test_dmscreen_api.TestNPCs" name="test_update_npc" time="0.738" /><testcase classname="backend.tests.test_dmscreen_api.TestNPCs" name="test_delete_npc" time="0.690" /><testcase classname="backend.tests.test_dmscreen_api.TestLocations" name="test_create_location" time="0.600" /><testcase classname="backend.tests.test_dmscreen_api.TestLocations" name="test_get_locations" time="0.700" /><testcase classname="backend.tests.test_dmscreen_api.TestGods" name="test_create_god" time="0.608" /><testcase classname="backend.tests.test_dmscreen_api.TestGods" name="test_get_gods" time="36.688" /><testcase classname="backend.tests.test_dmscreen_api.TestCombatScenarios" name="test_create_combat_scenario" time="0.602" /><testcase classname="backend.tests.test_dmscreen_api.TestCombatScenarios" name="test_get_combat_scenarios" time="0.728" /><testcase classname="backend.tests.test_dmscreen_api.TestInGameNotes" name="test_create_note" time="0.634" /><testcase classname="backend.tests.test_dmscreen_api.TestInGameNotes" name="test_get_notes" time="0.682" /><testcase classname="backend.tests.test_dmscreen_api.TestCampaignSetting" name="test_get_setting" time="0.625" /><testcase classname="backend.tests.test_dmscreen_api.TestCampaignSetting" name="test_update_setting" time="0.568" /><testcase classname="backend.tests.test_new_features.TestAuth" name="test_register_success" time="0.337" /><testcase classname="backend.tests.test_new_features.TestAuth" name="test_login_success" time="0.652" /><testcase classname="backend.tests.test_new_features.TestCustomCalendarBuilder" name="test_get_default_calendar" time="0.614" /><testcase classname="backend.tests.test_new_features.TestCustomCalendarBuilder" name="test_update_to_custom_calendar" time="0.123" /><testcase classname="backend.tests.test_new_features.TestCustomCalendarBuilder" name="test_update_calendar_add_month" time="0.219" /><testcase classname="backend.tests.test_new_features.TestCustomCalendarBuilder" name="test_update_calendar_remove_month" time="0.218" /><testcase classname="backend.tests.test_new_features.TestCustomCalendarBuilder" name="test_update_calendar_set_days" time="0.117" /><testcase classname="backend.tests.test_new_features.TestCustomCalendarBuilder" name="test_advance_calendar" time="0.216" /><testcase classname="backend.tests.test_new_features.TestCharacterCreator" name="test_create_character_with_full_stats" time="0.583" /><testcase classname="backend.tests.test_new_features.TestCharacterCreator" name="test_create_wizard_character" time="0.129" /><testcase classname="backend.tests.test_new_features.TestCharacterCreator" name="test_list_players" time="0.121" /><testcase classname="backend.tests.test_new_features.TestCharacterCreator" name="test_update_character" time="0.218" /><testcase classname="backend.tests.test_new_features.TestCharacterCreator" name="test_delete_character" time="0.342" /><testcase classname="backend.tests.test_new_features.TestSessionNotes" name="test_create_session_note" time="0.677" /><testcase classname="backend.tests.test_new_features.TestSessionNotes" name="test_list_session_notes" time="0.488" /><testcase classname="backend.tests.test_new_features.TestSessionNotes" name="test_delete_session_note" time="0.366" /><testcase classname="backend.tests.test_new_features.TestCalendarEvents" name="test_create_event" time="1.673" /><testcase classname="backend.tests.test_new_features.TestCalendarEvents" name="test_delete_event" time="0.246" /><testcase classname="backend.tests.test_places_of_interest.TestPlacesOfInterest" name="test_add_place_of_interest" time="0.824" /><testcase classname="backend.tests.test_places_of_interest.TestPlacesOfInterest" name="test_get_places_of_interest" time="1.005" /><testcase classname="backend.tests.test_places_of_interest.TestPlacesOfInterest" name="test_update_place_of_interest" time="0.916" /><testcase classname="backend.tests.test_places_of_interest.TestPlacesOfInterest" name="test_delete_place_of_interest" time="1.000" /><testcase classname="backend.tests.test_places_of_interest.TestPlacesOfInterest" name="test_delete_nonexistent_place" time="0.793" /><testcase classname="backend.tests.test_places_of_interest.TestPlacesOfInterest" name="test_places_included_in_location_response" time="0.959" /><testcase classname="backend.tests.test_places_of_interest.TestPlacesOfInterest" name="test_multiple_places_in_location" time="1.244" /><testcase classname="backend.tests.test_places_of_interest.TestPlacesOfInterestEdgeCases" name="test_add_place_to_nonexistent_location" time="0.460" /><testcase classname="backend.tests.test_places_of_interest.TestPlacesOfInterestEdgeCases" name="test_update_nonexistent_place" time="0.588" /><testcase classname="backend.tests.test_places_of_interest.TestPlacesOfInterestEdgeCases" name="test_place_with_all_types" time="2.503" /></testsuite></testsuites>