<?xml version="1.0" encoding="utf-8"?><testsuites name="pytest tests"><testsuite name="pytest" errors="0" failures="0" skipped="0" tests="10" time="10.770" timestamp="2026-03-01T10:36:44.481413+00:00" hostname="agent-env-a607afbd-0f21-4b2c-87e1-6b08a65dd2bc"><testcase classname="tests.test_places_of_interest.TestPlacesOfInterest" name="test_add_place_of_interest" time="2.263" /><testcase classname="tests.test_places_of_interest.TestPlacesOfInterest" name="test_get_places_of_interest" time="0.854" /><testcase classname="tests.test_places_of_interest.TestPlacesOfInterest" name="test_update_place_of_interest" time="0.837" /><testcase classname="tests.test_places_of_interest.TestPlacesOfInterest" name="test_delete_place_of_interest" time="0.951" /><testcase classname="tests.test_places_of_interest.TestPlacesOfInterest" name="test_delete_nonexistent_place" time="0.747" /><testcase classname="tests.test_places_of_interest.TestPlacesOfInterest" name="test_places_included_in_location_response" time="0.852" /><testcase classname="tests.test_places_of_interest.TestPlacesOfInterest" name="test_multiple_places_in_location" time="1.049" /><testcase classname="tests.test_places_of_interest.TestPlacesOfInterestEdgeCases" name="test_add_place_to_nonexistent_location" time="0.438" /><testcase classname="tests.test_places_of_interest.TestPlacesOfInterestEdgeCases" name="test_update_nonexistent_place" time="0.556" /><testcase classname="tests.test_places_of_interest.TestPlacesOfInterestEdgeCases" name="test_place_with_all_types" time="2.155" /></testsuite></testsuites>