<?xml version="1.0" encoding="utf-8"?><testsuites name="pytest tests"><testsuite name="pytest" errors="0" failures="0" skipped="0" tests="20" time="2.669" timestamp="2026-03-05T22:09:15.028527+00:00" hostname="agent-env-72db7a0e-3b4e-4c6d-974b-2fab73a2b44a"><testcase classname="backend.tests.test_srd_api.TestSRDSpellsAPI" name="test_get_all_spells_returns_319" time="0.189" /><testcase classname="backend.tests.test_srd_api.TestSRDSpellsAPI" name="test_filter_spells_by_level_cantrips" time="0.122" /><testcase classname="backend.tests.test_srd_api.TestSRDSpellsAPI" name="test_filter_spells_by_school_evocation" time="0.120" /><testcase classname="backend.tests.test_srd_api.TestSRDSpellsAPI" name="test_filter_spells_by_class_wizard" time="0.136" /><testcase classname="backend.tests.test_srd_api.TestSRDSpellsAPI" name="test_get_specific_spell_fireball" time="0.108" /><testcase classname="backend.tests.test_srd_api.TestSRDSpellsAPI" name="test_get_specific_spell_magic_missile" time="0.116" /><testcase classname="backend.tests.test_srd_api.TestSRDSpellsAPI" name="test_get_nonexistent_spell_returns_404" time="0.120" /><testcase classname="backend.tests.test_srd_api.TestSRDClassesAPI" name="test_get_all_classes_returns_12" time="0.112" /><testcase classname="backend.tests.test_srd_api.TestSRDClassesAPI" name="test_get_specific_class_fighter" time="0.122" /><testcase classname="backend.tests.test_srd_api.TestSRDClassesAPI" name="test_get_specific_class_wizard" time="0.120" /><testcase classname="backend.tests.test_srd_api.TestSRDClassesAPI" name="test_get_nonexistent_class_returns_404" time="0.132" /><testcase classname="backend.tests.test_srd_api.TestSRDClassesAPI" name="test_all_standard_classes_present" time="0.116" /><testcase classname="backend.tests.test_srd_api.TestSRDRacesAPI" name="test_get_all_races_returns_9" time="0.141" /><testcase classname="backend.tests.test_srd_api.TestSRDRacesAPI" name="test_race_structure" time="0.124" /><testcase classname="backend.tests.test_srd_api.TestSRDRacesAPI" name="test_standard_races_present" time="0.126" /><testcase classname="backend.tests.test_srd_api.TestSRDRacesAPI" name="test_race_has_traits" time="0.098" /><testcase classname="backend.tests.test_srd_api.TestSRDSpellFiltering" name="test_filter_level_3_evocation_spells" time="0.133" /><testcase classname="backend.tests.test_srd_api.TestSRDSpellFiltering" name="test_spell_has_components" time="0.177" /><testcase classname="backend.tests.test_srd_api.TestSRDSpellFiltering" name="test_spell_has_duration" time="0.156" /><testcase classname="backend.tests.test_srd_api.TestSRDSpellFiltering" name="test_concentration_spells_flagged" time="0.164" /></testsuite></testsuites>