<?xml version="1.0" encoding="utf-8"?><testsuites name="pytest tests"><testsuite name="pytest" errors="0" failures="0" skipped="0" tests="40" time="5.037" timestamp="2026-03-31T11:08:49.069800+00:00" hostname="agent-env-d3348c42-706b-419d-8bce-f5b8317119b8"><testcase classname="tests.test_refactoring_regression.TestHealthEndpoints" name="test_health_check" time="0.130" /><testcase classname="tests.test_refactoring_regression.TestAuthEndpoints" name="test_login" time="0.335" /><testcase classname="tests.test_refactoring_regression.TestAuthEndpoints" name="test_auth_me" time="0.418" /><testcase classname="tests.test_refactoring_regression.TestAuthEndpoints" name="test_account_profile" time="0.107" /><testcase classname="tests.test_refactoring_regression.TestCampaignEndpoints" name="test_get_campaigns" time="0.101" /><testcase classname="tests.test_refactoring_regression.TestCampaignEndpoints" name="test_get_campaign_by_id" time="0.118" /><testcase classname="tests.test_refactoring_regression.TestCampaignEndpoints" name="test_get_campaign_setting" time="0.135" /><testcase classname="tests.test_refactoring_regression.TestCampaignEndpoints" name="test_get_campaign_world_setting" time="0.105" /><testcase classname="tests.test_refactoring_regression.TestNPCEndpoints" name="test_get_npcs" time="0.104" /><testcase classname="tests.test_refactoring_regression.TestNPCEndpoints" name="test_get_npc_relationships" time="0.111" /><testcase classname="tests.test_refactoring_regression.TestWorldEndpoints" name="test_get_gods" time="0.115" /><testcase classname="tests.test_refactoring_regression.TestWorldEndpoints" name="test_get_calendar" time="0.111" /><testcase classname="tests.test_refactoring_regression.TestWorldEndpoints" name="test_get_locations" time="0.116" /><testcase classname="tests.test_refactoring_regression.TestCombatEndpoints" name="test_get_combat_scenarios" time="0.116" /><testcase classname="tests.test_refactoring_regression.TestCombatEndpoints" name="test_get_initiative" time="0.094" /><testcase classname="tests.test_refactoring_regression.TestMapEndpoints" name="test_get_maps" time="0.106" /><testcase classname="tests.test_refactoring_regression.TestMapEndpoints" name="test_get_world_maps" time="0.105" /><testcase classname="tests.test_refactoring_regression.TestMapEndpoints" name="test_get_local_maps" time="0.104" /><testcase classname="tests.test_refactoring_regression.TestCharacterEndpoints" name="test_get_characters" time="0.099" /><testcase classname="tests.test_refactoring_regression.TestCharacterEndpoints" name="test_get_campaign_players" time="0.106" /><testcase classname="tests.test_refactoring_regression.TestInventoryEndpoints" name="test_get_inventory" time="0.117" /><testcase classname="tests.test_refactoring_regression.TestInventoryEndpoints" name="test_get_currency" time="0.103" /><testcase classname="tests.test_refactoring_regression.TestInventoryEndpoints" name="test_get_custom_items" time="0.116" /><testcase classname="tests.test_refactoring_regression.TestNotesEndpoints" name="test_get_ingame_notes" time="0.107" /><testcase classname="tests.test_refactoring_regression.TestNotesEndpoints" name="test_get_timeline" time="0.107" /><testcase classname="tests.test_refactoring_regression.TestPlayerEndpoints" name="test_get_player_journal" time="0.102" /><testcase classname="tests.test_refactoring_regression.TestPlayerEndpoints" name="test_get_player_notes" time="0.113" /><testcase classname="tests.test_refactoring_regression.TestPlayerEndpoints" name="test_get_player_session_recaps" time="0.112" /><testcase classname="tests.test_refactoring_regression.TestSRDEndpoints" name="test_get_srd_classes" time="0.103" /><testcase classname="tests.test_refactoring_regression.TestSRDEndpoints" name="test_get_srd_spells" time="0.164" /><testcase classname="tests.test_refactoring_regression.TestSRDEndpoints" name="test_get_srd_races" time="0.105" /><testcase classname="tests.test_refactoring_regression.TestSRDEndpoints" name="test_get_srd_feats" time="0.102" /><testcase classname="tests.test_refactoring_regression.TestSubscriptionEndpoints" name="test_get_subscription_status" time="0.110" /><testcase classname="tests.test_refactoring_regression.TestSubscriptionEndpoints" name="test_get_subscription_plans" time="0.105" /><testcase classname="tests.test_refactoring_regression.TestAdminEndpoints" name="test_admin_check" time="0.112" /><testcase classname="tests.test_refactoring_regression.TestAdminEndpoints" name="test_get_featured_reviews" time="0.098" /><testcase classname="tests.test_refactoring_regression.TestAdminEndpoints" name="test_get_custom_creatures" time="0.114" /><testcase classname="tests.test_refactoring_regression.TestRuleSystemEndpoints" name="test_get_rule_systems" time="0.106" /><testcase classname="tests.test_refactoring_regression.TestProgressionEndpoints" name="test_get_progression_classes" time="0.108" /><testcase classname="tests.test_refactoring_regression.TestReferralEndpoints" name="test_get_referral_code" time="0.126" /></testsuite></testsuites>