<?xml version="1.0" encoding="utf-8"?><testsuites name="pytest tests"><testsuite name="pytest" errors="0" failures="0" skipped="0" tests="49" time="6.565" timestamp="2026-03-08T08:46:06.806207+00:00" hostname="agent-env-af6c45f2-cf3f-4f77-b7b0-52d6ff0787a9"><testcase classname="backend.tests.test_stress_comprehensive.TestHealthAndAuth" name="test_api_health" time="0.149" /><testcase classname="backend.tests.test_stress_comprehensive.TestHealthAndAuth" name="test_login_success" time="0.325" /><testcase classname="backend.tests.test_stress_comprehensive.TestHealthAndAuth" name="test_login_wrong_password" time="0.313" /><testcase classname="backend.tests.test_stress_comprehensive.TestHealthAndAuth" name="test_auth_me" time="0.430" /><testcase classname="backend.tests.test_stress_comprehensive.TestCampaignCRUD" name="test_get_campaign" time="0.101" /><testcase classname="backend.tests.test_stress_comprehensive.TestCampaignCRUD" name="test_get_user_campaigns" time="0.109" /><testcase classname="backend.tests.test_stress_comprehensive.TestCampaignCRUD" name="test_campaign_world_setting" time="0.101" /><testcase classname="backend.tests.test_stress_comprehensive.TestNPCCRUD" name="test_list_npcs" time="0.101" /><testcase classname="backend.tests.test_stress_comprehensive.TestNPCCRUD" name="test_create_npc" time="0.106" /><testcase classname="backend.tests.test_stress_comprehensive.TestNPCCRUD" name="test_update_npc" time="0.131" /><testcase classname="backend.tests.test_stress_comprehensive.TestNPCCRUD" name="test_delete_npc" time="0.217" /><testcase classname="backend.tests.test_stress_comprehensive.TestLocationCRUD" name="test_list_locations" time="0.096" /><testcase classname="backend.tests.test_stress_comprehensive.TestLocationCRUD" name="test_create_location" time="0.102" /><testcase classname="backend.tests.test_stress_comprehensive.TestLocationCRUD" name="test_update_location" time="0.105" /><testcase classname="backend.tests.test_stress_comprehensive.TestLocationCRUD" name="test_delete_location" time="0.220" /><testcase classname="backend.tests.test_stress_comprehensive.TestGodCRUD" name="test_list_gods" time="0.105" /><testcase classname="backend.tests.test_stress_comprehensive.TestGodCRUD" name="test_create_god" time="0.107" /><testcase classname="backend.tests.test_stress_comprehensive.TestGodCRUD" name="test_update_god" time="0.100" /><testcase classname="backend.tests.test_stress_comprehensive.TestGodCRUD" name="test_delete_god" time="0.099" /><testcase classname="backend.tests.test_stress_comprehensive.TestCalendarAndTimeline" name="test_get_calendar" time="0.103" /><testcase classname="backend.tests.test_stress_comprehensive.TestCalendarAndTimeline" name="test_get_timeline_events" time="0.106" /><testcase classname="backend.tests.test_stress_comprehensive.TestCalendarAndTimeline" name="test_create_timeline_event" time="0.097" /><testcase classname="backend.tests.test_stress_comprehensive.TestCalendarAndTimeline" name="test_delete_timeline_event" time="0.098" /><testcase classname="backend.tests.test_stress_comprehensive.TestCombatScenarios" name="test_list_combat_scenarios" time="0.103" /><testcase classname="backend.tests.test_stress_comprehensive.TestCombatScenarios" name="test_create_combat_scenario" time="0.096" /><testcase classname="backend.tests.test_stress_comprehensive.TestCombatScenarios" name="test_delete_combat_scenario" time="0.100" /><testcase classname="backend.tests.test_stress_comprehensive.TestNotesAndJournals" name="test_list_ingame_notes" time="0.102" /><testcase classname="backend.tests.test_stress_comprehensive.TestNotesAndJournals" name="test_create_ingame_note" time="0.099" /><testcase classname="backend.tests.test_stress_comprehensive.TestNotesAndJournals" name="test_delete_ingame_note" time="0.100" /><testcase classname="backend.tests.test_stress_comprehensive.TestCampaignContent" name="test_get_campaign_content" time="0.101" /><testcase classname="backend.tests.test_stress_comprehensive.TestCampaignContent" name="test_get_campaign_races" time="0.102" /><testcase classname="backend.tests.test_stress_comprehensive.TestCampaignContent" name="test_get_campaign_classes" time="0.105" /><testcase classname="backend.tests.test_stress_comprehensive.TestCharacterAPI" name="test_list_characters" time="0.107" /><testcase classname="backend.tests.test_stress_comprehensive.TestCharacterAPI" name="test_create_character" time="0.202" /><testcase classname="backend.tests.test_stress_comprehensive.TestCharacterAPI" name="test_get_character" time="0.103" /><testcase classname="backend.tests.test_stress_comprehensive.TestCharacterAPI" name="test_update_character" time="0.262" /><testcase classname="backend.tests.test_stress_comprehensive.TestCharacterAPI" name="test_delete_character" time="0.225" /><testcase classname="backend.tests.test_stress_comprehensive.TestPartyLoot" name="test_get_party_inventory" time="0.112" /><testcase classname="backend.tests.test_stress_comprehensive.TestPlayers" name="test_get_campaign_players" time="0.107" /><testcase classname="backend.tests.test_stress_comprehensive.TestPlayers" name="test_get_player_campaigns" time="0.103" /><testcase classname="backend.tests.test_stress_comprehensive.TestAIGeneration" name="test_ai_generate_npc_exists" time="0.104" /><testcase classname="backend.tests.test_stress_comprehensive.TestAIGeneration" name="test_ai_world_context_available" time="0.098" /><testcase classname="backend.tests.test_stress_comprehensive.TestSubscription" name="test_get_subscription_via_auth_me" time="0.097" /><testcase classname="backend.tests.test_stress_comprehensive.TestCustomCreatures" name="test_list_custom_creatures" time="0.103" /><testcase classname="backend.tests.test_stress_comprehensive.TestMaps" name="test_list_maps" time="0.108" /><testcase classname="backend.tests.test_stress_comprehensive.TestMaps" name="test_list_world_maps" time="0.105" /><testcase classname="backend.tests.test_stress_comprehensive.TestCustomRules" name="test_list_custom_rules" time="0.100" /><testcase classname="backend.tests.test_stress_comprehensive.TestCampaignSetting" name="test_get_campaign_setting" time="0.100" /><testcase classname="backend.tests.test_stress_comprehensive.TestCampaignSetting" name="test_update_campaign_setting" time="0.122" /></testsuite></testsuites>