<?xml version="1.0" encoding="utf-8"?><testsuites name="pytest tests"><testsuite name="pytest" errors="0" failures="0" skipped="0" tests="23" time="9.399" timestamp="2026-03-06T08:57:23.651461+00:00" hostname="agent-env-a7b732c0-5be6-40db-87a5-46a304e50cb7"><testcase classname="backend.tests.test_subscription.TestSubscriptionPlans" name="test_get_subscription_plans_returns_four_tiers" time="0.176" /><testcase classname="backend.tests.test_subscription.TestSubscriptionPlans" name="test_free_plan_pricing_and_features" time="0.114" /><testcase classname="backend.tests.test_subscription.TestSubscriptionPlans" name="test_hero_player_plan_pricing" time="0.099" /><testcase classname="backend.tests.test_subscription.TestSubscriptionPlans" name="test_quest_master_gm_plan_pricing" time="0.096" /><testcase classname="backend.tests.test_subscription.TestSubscriptionPlans" name="test_legendary_plan_pricing" time="0.101" /><testcase classname="backend.tests.test_subscription.TestUserRegistrationWithSubscription" name="test_new_user_starts_with_free_tier" time="0.425" /><testcase classname="backend.tests.test_subscription.TestUserRegistrationWithSubscription" name="test_subscription_status_requires_auth" time="0.110" /><testcase classname="backend.tests.test_subscription.TestSubscriptionStatus" name="test_get_subscription_status_structure" time="0.463" /><testcase classname="backend.tests.test_subscription.TestSubscriptionStatus" name="test_subscription_status_values_are_valid" time="0.418" /><testcase classname="backend.tests.test_subscription.TestPromoCodeCreation" name="test_create_promo_code_requires_admin" time="0.445" /><testcase classname="backend.tests.test_subscription.TestPromoCodeCreation" name="test_create_promo_code_requires_auth" time="0.112" /><testcase classname="backend.tests.test_subscription.TestPromoCodeApplication" name="test_apply_invalid_promo_code" time="0.434" /><testcase classname="backend.tests.test_subscription.TestPromoCodeApplication" name="test_apply_promo_code_requires_auth" time="0.125" /><testcase classname="backend.tests.test_subscription.TestSubscriptionCheckout" name="test_create_checkout_session_for_paid_plans" time="1.174" /><testcase classname="backend.tests.test_subscription.TestSubscriptionCheckout" name="test_checkout_requires_auth" time="0.103" /><testcase classname="backend.tests.test_subscription.TestSubscriptionCheckout" name="test_checkout_cannot_checkout_free_plan" time="0.436" /><testcase classname="backend.tests.test_subscription.TestSubscriptionCheckout" name="test_checkout_monthly_billing_cycle" time="1.095" /><testcase classname="backend.tests.test_subscription.TestSubscriptionCheckout" name="test_checkout_yearly_billing_cycle" time="1.064" /><testcase classname="backend.tests.test_subscription.TestSubscriptionCheckout" name="test_checkout_requires_origin_url" time="0.419" /><testcase classname="backend.tests.test_subscription.TestSubscriptionCancel" name="test_cancel_subscription_requires_auth" time="0.101" /><testcase classname="backend.tests.test_subscription.TestSubscriptionCancel" name="test_cancel_subscription_without_active_subscription" time="0.464" /><testcase classname="backend.tests.test_subscription.TestCampaignSettingsSave" name="test_campaign_settings_save_and_retrieve" time="0.755" /><testcase classname="backend.tests.test_subscription.TestCampaignSettingsSave" name="test_campaign_settings_upsert_creates_with_campaign_id" time="0.644" /></testsuite></testsuites>