<?xml version="1.0" encoding="utf-8"?><testsuites name="pytest tests"><testsuite name="pytest" errors="0" failures="0" skipped="0" tests="28" time="36.338" timestamp="2026-03-06T21:17:18.340008+00:00" hostname="agent-env-079769b3-d864-4ee8-a920-c2f564cc6fcf"><testcase classname="test_rule_systems.TestRuleSystemsAPI" name="test_get_rule_systems" time="0.428" /><testcase classname="test_rule_systems.TestRuleSystemsAPI" name="test_get_rule_system_by_id" time="0.412" /><testcase classname="test_rule_systems.TestRuleSystemsAPI" name="test_get_nonexistent_rule_system" time="0.396" /><testcase classname="test_rule_systems.TestContentAPIs" name="test_get_classes" time="0.408" /><testcase classname="test_rule_systems.TestContentAPIs" name="test_get_races" time="0.405" /><testcase classname="test_rule_systems.TestContentAPIs" name="test_get_spells" time="0.388" /><testcase classname="test_rule_systems.TestContentAPIs" name="test_get_items" time="0.448" /><testcase classname="test_rule_systems.TestContentAPIs" name="test_get_feats" time="0.504" /><testcase classname="test_rule_systems.TestContentAPIs" name="test_get_monsters" time="0.450" /><testcase classname="test_rule_systems.TestBulkUploadAPI" name="test_upload_class" time="0.398" /><testcase classname="test_rule_systems.TestBulkUploadAPI" name="test_upload_race" time="0.411" /><testcase classname="test_rule_systems.TestBulkUploadAPI" name="test_upload_spell" time="0.404" /><testcase classname="test_rule_systems.TestBulkUploadAPI" name="test_upload_multiple_items" time="0.434" /><testcase classname="test_rule_systems.TestBulkUploadAPI" name="test_upload_duplicate_fails" time="0.459" /><testcase classname="test_rule_systems.TestBulkUploadAPI" name="test_upload_invalid_content_type" time="0.381" /><testcase classname="test_rule_systems.TestBulkUploadAPI" name="test_upload_to_nonexistent_system" time="0.426" /><testcase classname="test_rule_systems.TestAIGenerateWithRules" name="test_ai_generate_npc" time="7.114" /><testcase classname="test_rule_systems.TestAIGenerateWithRules" name="test_ai_generate_encounter" time="19.109" /><testcase classname="test_rule_systems.TestAIGenerateWithRules" name="test_ai_generate_requires_campaign_id" time="0.469" /><testcase classname="test_rule_systems.TestAIGenerateWithRules" name="test_ai_generate_invalid_campaign" time="0.419" /><testcase classname="test_rule_systems.TestMulticlassAPI" name="test_multiclass_endpoint_exists" time="0.443" /><testcase classname="test_rule_systems.TestMulticlassAPI" name="test_level_up_class_endpoint_exists" time="0.400" /><testcase classname="test_rule_systems.TestMulticlassAPI" name="test_multiclass_requires_class_name" time="0.381" /><testcase classname="test_rule_systems.TestCreateRuleSystem" name="test_create_custom_rule_system" time="0.398" /><testcase classname="test_rule_systems.TestCreateRuleSystem" name="test_create_duplicate_short_code_fails" time="0.464" /><testcase classname="test_rule_systems.TestAuthRequired" name="test_rule_systems_requires_auth" time="0.105" /><testcase classname="test_rule_systems.TestAuthRequired" name="test_upload_requires_auth" time="0.125" /><testcase classname="test_rule_systems.TestAuthRequired" name="test_ai_generate_requires_auth" time="0.112" /></testsuite></testsuites>