<?xml version="1.0" encoding="utf-8"?><testsuites name="pytest tests"><testsuite name="pytest" errors="0" failures="0" skipped="0" tests="6" time="7.613" timestamp="2026-03-31T19:23:07.259485+00:00" hostname="agent-env-0dfeeccb-96f1-41c4-a86e-25151c0a3462"><testcase classname="backend.tests.test_session_checklist.TestSessionChecklistAPI" name="test_get_session_checklists" time="0.573" /><testcase classname="backend.tests.test_session_checklist.TestSessionChecklistAPI" name="test_get_existing_checklist_structure" time="0.164" /><testcase classname="backend.tests.test_session_checklist.TestSessionChecklistAPI" name="test_toggle_checklist_item_completion" time="0.444" /><testcase classname="backend.tests.test_session_checklist.TestSessionChecklistAPI" name="test_generate_session_checklist" time="4.803" /><testcase classname="backend.tests.test_session_checklist.TestExhaustionLevelPersistence" name="test_patch_exhaustion_level" time="0.594" /><testcase classname="backend.tests.test_session_checklist.TestExhaustionLevelPersistence" name="test_exhaustion_level_range" time="1.019" /></testsuite></testsuites>