<?xml version="1.0" encoding="utf-8"?><testsuites name="pytest tests"><testsuite name="pytest" errors="0" failures="0" skipped="0" tests="10" time="47.997" timestamp="2026-03-04T07:42:24.985830+00:00" hostname="agent-env-45d9b8c9-ffc3-46f8-bdd2-7c0401f1486f"><testcase classname="tests.test_portrait_generation.TestPortraitGenerationEndpoint" name="test_portrait_endpoint_exists" time="0.139" /><testcase classname="tests.test_portrait_generation.TestPortraitGenerationEndpoint" name="test_portrait_requires_auth" time="0.097" /><testcase classname="tests.test_portrait_generation.TestPortraitGenerationEndpoint" name="test_portrait_generation_success" time="15.825" /><testcase classname="tests.test_portrait_generation.TestPortraitGenerationEndpoint" name="test_portrait_with_minimal_data" time="13.917" /><testcase classname="tests.test_portrait_generation.TestPortraitGenerationEndpoint" name="test_portrait_with_gender_options" time="15.398" /><testcase classname="tests.test_portrait_generation.TestNPCAndLocationEndpoints" name="test_npc_crud_operations" time="0.713" /><testcase classname="tests.test_portrait_generation.TestNPCAndLocationEndpoints" name="test_location_crud_operations" time="0.542" /><testcase classname="tests.test_portrait_generation.TestQueryLimits" name="test_campaigns_endpoint_works" time="0.411" /><testcase classname="tests.test_portrait_generation.TestQueryLimits" name="test_npcs_endpoint_bounded" time="0.441" /><testcase classname="tests.test_portrait_generation.TestQueryLimits" name="test_locations_endpoint_bounded" time="0.443" /></testsuite></testsuites>