<?xml version="1.0" encoding="utf-8"?><testsuites name="pytest tests"><testsuite name="pytest" errors="0" failures="0" skipped="0" tests="18" time="13.303" timestamp="2026-03-06T19:47:44.696182+00:00" hostname="agent-env-079769b3-d864-4ee8-a920-c2f564cc6fcf"><testcase classname="tests.test_gm_features.TestSessionTimeline" name="test_get_timeline_events" time="0.476" /><testcase classname="tests.test_gm_features.TestSessionTimeline" name="test_create_timeline_event_session_type" time="0.599" /><testcase classname="tests.test_gm_features.TestSessionTimeline" name="test_create_timeline_event_combat_type" time="0.562" /><testcase classname="tests.test_gm_features.TestSessionTimeline" name="test_create_timeline_event_npc_met" time="0.668" /><testcase classname="tests.test_gm_features.TestSessionTimeline" name="test_create_timeline_event_all_types" time="1.700" /><testcase classname="tests.test_gm_features.TestSessionTimeline" name="test_delete_timeline_event" time="0.686" /><testcase classname="tests.test_gm_features.TestSessionTimeline" name="test_delete_nonexistent_event_returns_404" time="0.483" /><testcase classname="tests.test_gm_features.TestSessionTimeline" name="test_timeline_requires_auth" time="0.138" /><testcase classname="tests.test_gm_features.TestSessionTimeline" name="test_timeline_event_without_title_fails" time="0.492" /><testcase classname="tests.test_gm_features.TestNPCRelationshipWeb" name="test_get_npc_relationships" time="0.452" /><testcase classname="tests.test_gm_features.TestNPCRelationshipWeb" name="test_get_existing_relationship" time="0.491" /><testcase classname="tests.test_gm_features.TestNPCRelationshipWeb" name="test_create_npc_relationship_ally" time="0.856" /><testcase classname="tests.test_gm_features.TestNPCRelationshipWeb" name="test_relationship_types" time="2.958" /><testcase classname="tests.test_gm_features.TestNPCRelationshipWeb" name="test_delete_npc_relationship" time="0.811" /><testcase classname="tests.test_gm_features.TestNPCRelationshipWeb" name="test_duplicate_relationship_fails" time="0.867" /><testcase classname="tests.test_gm_features.TestNPCRelationshipWeb" name="test_relationship_with_invalid_npc_fails" time="0.446" /><testcase classname="tests.test_gm_features.TestNPCRelationshipWeb" name="test_relationships_require_auth" time="0.124" /><testcase classname="tests.test_gm_features.TestNPCRelationshipWeb" name="test_delete_nonexistent_relationship_returns_404" time="0.472" /></testsuite></testsuites>