<?xml version="1.0" encoding="utf-8"?><testsuites name="pytest tests"><testsuite name="pytest" errors="0" failures="0" skipped="0" tests="39" time="7.274" timestamp="2026-03-31T20:11:33.938933+00:00" hostname="agent-env-0dfeeccb-96f1-41c4-a86e-25151c0a3462"><testcase classname="backend.tests.test_all_classes_level_up.TestCharacterCreationAllClasses" name="test_create_character_each_class[Barbarian]" time="0.794" /><testcase classname="backend.tests.test_all_classes_level_up.TestCharacterCreationAllClasses" name="test_create_character_each_class[Bard]" time="0.053" /><testcase classname="backend.tests.test_all_classes_level_up.TestCharacterCreationAllClasses" name="test_create_character_each_class[Cleric]" time="0.062" /><testcase classname="backend.tests.test_all_classes_level_up.TestCharacterCreationAllClasses" name="test_create_character_each_class[Druid]" time="0.053" /><testcase classname="backend.tests.test_all_classes_level_up.TestCharacterCreationAllClasses" name="test_create_character_each_class[Fighter]" time="0.054" /><testcase classname="backend.tests.test_all_classes_level_up.TestCharacterCreationAllClasses" name="test_create_character_each_class[Monk]" time="0.055" /><testcase classname="backend.tests.test_all_classes_level_up.TestCharacterCreationAllClasses" name="test_create_character_each_class[Paladin]" time="0.062" /><testcase classname="backend.tests.test_all_classes_level_up.TestCharacterCreationAllClasses" name="test_create_character_each_class[Ranger]" time="0.051" /><testcase classname="backend.tests.test_all_classes_level_up.TestCharacterCreationAllClasses" name="test_create_character_each_class[Rogue]" time="0.060" /><testcase classname="backend.tests.test_all_classes_level_up.TestCharacterCreationAllClasses" name="test_create_character_each_class[Sorcerer]" time="0.075" /><testcase classname="backend.tests.test_all_classes_level_up.TestCharacterCreationAllClasses" name="test_create_character_each_class[Warlock]" time="0.059" /><testcase classname="backend.tests.test_all_classes_level_up.TestCharacterCreationAllClasses" name="test_create_character_each_class[Wizard]" time="0.054" /><testcase classname="backend.tests.test_all_classes_level_up.TestLevelUpInfoEndpoint" name="test_level_up_info_returns_correct_subclass_level[Barbarian-config0]" time="0.177" /><testcase classname="backend.tests.test_all_classes_level_up.TestLevelUpInfoEndpoint" name="test_level_up_info_returns_correct_subclass_level[Bard-config1]" time="0.182" /><testcase classname="backend.tests.test_all_classes_level_up.TestLevelUpInfoEndpoint" name="test_level_up_info_returns_correct_subclass_level[Cleric-config2]" time="0.190" /><testcase classname="backend.tests.test_all_classes_level_up.TestLevelUpInfoEndpoint" name="test_level_up_info_returns_correct_subclass_level[Druid-config3]" time="0.237" /><testcase classname="backend.tests.test_all_classes_level_up.TestLevelUpInfoEndpoint" name="test_level_up_info_returns_correct_subclass_level[Fighter-config4]" time="0.200" /><testcase classname="backend.tests.test_all_classes_level_up.TestLevelUpInfoEndpoint" name="test_level_up_info_returns_correct_subclass_level[Monk-config5]" time="0.171" /><testcase classname="backend.tests.test_all_classes_level_up.TestLevelUpInfoEndpoint" name="test_level_up_info_returns_correct_subclass_level[Paladin-config6]" time="0.202" /><testcase classname="backend.tests.test_all_classes_level_up.TestLevelUpInfoEndpoint" name="test_level_up_info_returns_correct_subclass_level[Ranger-config7]" time="0.187" /><testcase classname="backend.tests.test_all_classes_level_up.TestLevelUpInfoEndpoint" name="test_level_up_info_returns_correct_subclass_level[Rogue-config8]" time="0.171" /><testcase classname="backend.tests.test_all_classes_level_up.TestLevelUpInfoEndpoint" name="test_level_up_info_returns_correct_subclass_level[Sorcerer-config9]" time="0.251" /><testcase classname="backend.tests.test_all_classes_level_up.TestLevelUpInfoEndpoint" name="test_level_up_info_returns_correct_subclass_level[Warlock-config10]" time="0.162" /><testcase classname="backend.tests.test_all_classes_level_up.TestLevelUpInfoEndpoint" name="test_level_up_info_returns_correct_subclass_level[Wizard-config11]" time="0.188" /><testcase classname="backend.tests.test_all_classes_level_up.TestBarbarianLevelUp" name="test_barbarian_level_up_with_subclass" time="0.178" /><testcase classname="backend.tests.test_all_classes_level_up.TestBardLevelUp" name="test_bard_level_up_with_college_of_lore" time="0.191" /><testcase classname="backend.tests.test_all_classes_level_up.TestClericLevelUp" name="test_cleric_level_up_with_life_domain" time="0.180" /><testcase classname="backend.tests.test_all_classes_level_up.TestDruidLevelUp" name="test_druid_level_up_with_circle_of_the_moon" time="0.173" /><testcase classname="backend.tests.test_all_classes_level_up.TestFighterLevelUp" name="test_fighter_level_up_with_fighting_style_and_subclass" time="0.250" /><testcase classname="backend.tests.test_all_classes_level_up.TestMonkLevelUp" name="test_monk_level_up_with_way_of_the_open_hand" time="0.161" /><testcase classname="backend.tests.test_all_classes_level_up.TestPaladinLevelUp" name="test_paladin_level_up_with_fighting_style" time="0.154" /><testcase classname="backend.tests.test_all_classes_level_up.TestRangerLevelUp" name="test_ranger_level_up_with_fighting_style" time="0.153" /><testcase classname="backend.tests.test_all_classes_level_up.TestRogueLevelUp" name="test_rogue_level_up_with_thief" time="0.158" /><testcase classname="backend.tests.test_all_classes_level_up.TestSorcererLevelUp" name="test_sorcerer_with_draconic_bloodline" time="0.154" /><testcase classname="backend.tests.test_all_classes_level_up.TestWarlockLevelUp" name="test_warlock_with_the_fiend" time="0.161" /><testcase classname="backend.tests.test_all_classes_level_up.TestWizardLevelUp" name="test_wizard_level_up_with_school_of_evocation" time="0.158" /><testcase classname="backend.tests.test_all_classes_level_up.TestHPIncrease" name="test_hp_increases_on_level_up" time="0.161" /><testcase classname="backend.tests.test_all_classes_level_up.TestASILevel" name="test_asi_at_level_4" time="0.163" /><testcase classname="backend.tests.test_all_classes_level_up.TestCleanup" name="test_cleanup_test_characters" time="1.056" /></testsuite></testsuites>