<?xml version="1.0" encoding="utf-8"?><testsuites name="pytest tests"><testsuite name="pytest" errors="0" failures="0" skipped="0" tests="8" time="82.643" timestamp="2026-03-04T20:06:05.061087+00:00" hostname="agent-env-a3448ca3-8ef1-4bde-b6d5-0348b3d5b5fe"><testcase classname="backend.tests.test_token_generation.TestTokenGenerationAPI" name="test_generate_token_endpoint_exists" time="0.160" /><testcase classname="backend.tests.test_token_generation.TestTokenGenerationAPI" name="test_generate_token_requires_auth" time="0.125" /><testcase classname="backend.tests.test_token_generation.TestTokenGenerationAPI" name="test_generate_token_success" time="17.029" /><testcase classname="backend.tests.test_token_generation.TestTokenGenerationAPI" name="test_generate_token_different_entity_types" time="45.848" /><testcase classname="backend.tests.test_token_generation.TestTokenGenerationAPI" name="test_generate_token_with_custom_prompt" time="18.046" /><testcase classname="backend.tests.test_token_generation.TestTokenGenerationAPI" name="test_generate_token_missing_required_fields" time="0.558" /><testcase classname="backend.tests.test_token_generation.TestTokenGenerationAPI" name="test_combat_scenarios_with_abilities" time="0.398" /><testcase classname="backend.tests.test_token_generation.TestTokenGenerationAPI" name="test_custom_creatures_endpoint" time="0.407" /></testsuite></testsuites>