<?xml version="1.0" encoding="utf-8"?><testsuites name="pytest tests"><testsuite name="pytest" errors="0" failures="0" skipped="0" tests="27" time="15.682" timestamp="2026-03-06T14:18:01.164282+00:00" hostname="agent-env-e776c245-2a28-4fff-b624-2d242af84a88"><testcase classname="tests.test_level_up.TestLevelUpEndpoint" name="test_level_up_standard_non_asi_level" time="0.651" /><testcase classname="tests.test_level_up.TestLevelUpEndpoint" name="test_level_up_with_asi_plus_one_to_two_abilities" time="0.584" /><testcase classname="tests.test_level_up.TestLevelUpEndpoint" name="test_level_up_with_asi_plus_two_to_one_ability" time="0.585" /><testcase classname="tests.test_level_up.TestLevelUpEndpoint" name="test_level_up_with_feat_selection" time="0.618" /><testcase classname="tests.test_level_up.TestLevelUpEndpoint" name="test_level_up_with_hp_roll" time="0.726" /><testcase classname="tests.test_level_up.TestLevelUpEndpoint" name="test_level_up_hp_minimum_one" time="0.678" /><testcase classname="tests.test_level_up.TestLevelUpEndpoint" name="test_level_up_proficiency_bonus_increase" time="0.561" /><testcase classname="tests.test_level_up.TestLevelUpEndpoint" name="test_level_up_fighter_extra_asi_at_6" time="0.560" /><testcase classname="tests.test_level_up.TestLevelUpEndpoint" name="test_level_up_rogue_extra_asi_at_10" time="0.579" /><testcase classname="tests.test_level_up.TestLevelUpEndpoint" name="test_level_up_hit_dice_updated" time="0.576" /><testcase classname="tests.test_level_up.TestLevelUpEndpoint" name="test_level_up_current_hp_healed_to_max" time="0.542" /><testcase classname="tests.test_level_up.TestLevelUpEndpoint" name="test_level_up_invalid_skip_level" time="0.585" /><testcase classname="tests.test_level_up.TestLevelUpEndpoint" name="test_level_up_max_level_20" time="0.547" /><testcase classname="tests.test_level_up.TestLevelUpEndpoint" name="test_level_up_asi_capped_at_20" time="0.540" /><testcase classname="tests.test_level_up.TestLevelUpEndpoint" name="test_level_up_nonexistent_character" time="0.451" /><testcase classname="tests.test_level_up.TestHitDieByClass" name="test_hit_die_by_class[Barbarian-12-7]" time="0.538" /><testcase classname="tests.test_level_up.TestHitDieByClass" name="test_hit_die_by_class[Fighter-10-6]" time="0.559" /><testcase classname="tests.test_level_up.TestHitDieByClass" name="test_hit_die_by_class[Paladin-10-6]" time="0.608" /><testcase classname="tests.test_level_up.TestHitDieByClass" name="test_hit_die_by_class[Ranger-10-6]" time="0.589" /><testcase classname="tests.test_level_up.TestHitDieByClass" name="test_hit_die_by_class[Bard-8-5]" time="0.548" /><testcase classname="tests.test_level_up.TestHitDieByClass" name="test_hit_die_by_class[Cleric-8-5]" time="0.529" /><testcase classname="tests.test_level_up.TestHitDieByClass" name="test_hit_die_by_class[Druid-8-5]" time="0.569" /><testcase classname="tests.test_level_up.TestHitDieByClass" name="test_hit_die_by_class[Monk-8-5]" time="0.555" /><testcase classname="tests.test_level_up.TestHitDieByClass" name="test_hit_die_by_class[Rogue-8-5]" time="0.574" /><testcase classname="tests.test_level_up.TestHitDieByClass" name="test_hit_die_by_class[Warlock-8-5]" time="0.560" /><testcase classname="tests.test_level_up.TestHitDieByClass" name="test_hit_die_by_class[Sorcerer-6-4]" time="0.571" /><testcase classname="tests.test_level_up.TestHitDieByClass" name="test_hit_die_by_class[Wizard-6-4]" time="0.650" /></testsuite></testsuites>