<?xml version="1.0" encoding="utf-8"?><testsuites name="pytest tests"><testsuite name="pytest" errors="0" failures="0" skipped="0" tests="18" time="1.938" timestamp="2026-03-05T10:26:36.247559+00:00" hostname="agent-env-a3448ca3-8ef1-4bde-b6d5-0348b3d5b5fe"><testcase classname="backend.tests.test_srd_api.TestSRDSpellsAPI" name="test_get_all_spells" time="0.122" /><testcase classname="backend.tests.test_srd_api.TestSRDSpellsAPI" name="test_filter_spells_by_level" time="0.102" /><testcase classname="backend.tests.test_srd_api.TestSRDSpellsAPI" name="test_filter_spells_by_school" time="0.101" /><testcase classname="backend.tests.test_srd_api.TestSRDSpellsAPI" name="test_filter_spells_by_class" time="0.095" /><testcase classname="backend.tests.test_srd_api.TestSRDSpellsAPI" name="test_get_specific_spell_fireball" time="0.096" /><testcase classname="backend.tests.test_srd_api.TestSRDSpellsAPI" name="test_get_specific_spell_magic_missile" time="0.105" /><testcase classname="backend.tests.test_srd_api.TestSRDSpellsAPI" name="test_get_nonexistent_spell" time="0.116" /><testcase classname="backend.tests.test_srd_api.TestSRDClassesAPI" name="test_get_all_classes" time="0.104" /><testcase classname="backend.tests.test_srd_api.TestSRDClassesAPI" name="test_get_specific_class_fighter" time="0.103" /><testcase classname="backend.tests.test_srd_api.TestSRDClassesAPI" name="test_get_specific_class_wizard" time="0.109" /><testcase classname="backend.tests.test_srd_api.TestSRDClassesAPI" name="test_get_nonexistent_class" time="0.100" /><testcase classname="backend.tests.test_srd_api.TestSRDClassFeaturesAPI" name="test_get_fighter_level_1_features" time="0.106" /><testcase classname="backend.tests.test_srd_api.TestSRDClassFeaturesAPI" name="test_get_barbarian_level_2_features" time="0.099" /><testcase classname="backend.tests.test_srd_api.TestSRDClassFeaturesAPI" name="test_get_nonexistent_class_features" time="0.115" /><testcase classname="backend.tests.test_srd_api.TestSRDRacesAPI" name="test_get_all_races" time="0.098" /><testcase classname="backend.tests.test_srd_api.TestSRDRacesAPI" name="test_race_structure" time="0.100" /><testcase classname="backend.tests.test_srd_api.TestSRDFeatsAPI" name="test_get_all_feats" time="0.098" /><testcase classname="backend.tests.test_srd_api.TestSRDFeatsAPI" name="test_feat_structure" time="0.104" /></testsuite></testsuites>